Determining if the pthread_create exist failed with the following output:
Change Dir: /home/dev/ros_code/build/CMakeFiles/CMakeTmp

Run Build Command:"/usr/bin/make" "cmTC_cebc5/fast"
/usr/bin/make -f CMakeFiles/cmTC_cebc5.dir/build.make CMakeFiles/cmTC_cebc5.dir/build
make[1]: Entering directory '/home/dev/ros_code/build/CMakeFiles/CMakeTmp'
Building C object CMakeFiles/cmTC_cebc5.dir/CheckSymbolExists.c.o
/usr/bin/cc     -o CMakeFiles/cmTC_cebc5.dir/CheckSymbolExists.c.o   -c /home/dev/ros_code/build/CMakeFiles/CMakeTmp/CheckSymbolExists.c
Linking C executable cmTC_cebc5
/usr/bin/cmake -E cmake_link_script CMakeFiles/cmTC_cebc5.dir/link.txt --verbose=1
/usr/bin/cc       CMakeFiles/cmTC_cebc5.dir/CheckSymbolExists.c.o  -o cmTC_cebc5 -rdynamic 
CMakeFiles/cmTC_cebc5.dir/CheckSymbolExists.c.o: In function `main':
CheckSymbolExists.c:(.text+0x16): undefined reference to `pthread_create'
collect2: error: ld returned 1 exit status
CMakeFiles/cmTC_cebc5.dir/build.make:97: recipe for target 'cmTC_cebc5' failed
make[1]: *** [cmTC_cebc5] Error 1
make[1]: Leaving directory '/home/dev/ros_code/build/CMakeFiles/CMakeTmp'
Makefile:126: recipe for target 'cmTC_cebc5/fast' failed
make: *** [cmTC_cebc5/fast] Error 2

File /home/dev/ros_code/build/CMakeFiles/CMakeTmp/CheckSymbolExists.c:
/* */
#include <pthread.h>

int main(int argc, char** argv)
{
  (void)argv;
#ifndef pthread_create
  return ((int*)(&pthread_create))[argc];
#else
  (void)argc;
  return 0;
#endif
}

Determining if the function pthread_create exists in the pthreads failed with the following output:
Change Dir: /home/dev/ros_code/build/CMakeFiles/CMakeTmp

Run Build Command:"/usr/bin/make" "cmTC_f8176/fast"
/usr/bin/make -f CMakeFiles/cmTC_f8176.dir/build.make CMakeFiles/cmTC_f8176.dir/build
make[1]: Entering directory '/home/dev/ros_code/build/CMakeFiles/CMakeTmp'
Building C object CMakeFiles/cmTC_f8176.dir/CheckFunctionExists.c.o
/usr/bin/cc    -DCHECK_FUNCTION_EXISTS=pthread_create   -o CMakeFiles/cmTC_f8176.dir/CheckFunctionExists.c.o   -c /usr/share/cmake-3.5/Modules/CheckFunctionExists.c
Linking C executable cmTC_f8176
/usr/bin/cmake -E cmake_link_script CMakeFiles/cmTC_f8176.dir/link.txt --verbose=1
/usr/bin/cc   -DCHECK_FUNCTION_EXISTS=pthread_create    CMakeFiles/cmTC_f8176.dir/CheckFunctionExists.c.o  -o cmTC_f8176 -rdynamic -lpthreads 
/usr/bin/ld: cannot find -lpthreads
collect2: error: ld returned 1 exit status
CMakeFiles/cmTC_f8176.dir/build.make:97: recipe for target 'cmTC_f8176' failed
make[1]: *** [cmTC_f8176] Error 1
make[1]: Leaving directory '/home/dev/ros_code/build/CMakeFiles/CMakeTmp'
Makefile:126: recipe for target 'cmTC_f8176/fast' failed
make: *** [cmTC_f8176/fast] Error 2


